------MERGED ONTOLOGIES--------
------START SUBCLASSES--------
------DONE SUBCLASSES--------
------START ROOTCLASSES--------
------STOP ROOTCLASSES--------
------START ROOTCLASSES--------
------STOP ROOTCLASSES--------
------START METASUBCLASSES--------
------DONE METASUBCLASSES--------
------START METAROOTCLASSES--------
------STOP METAROOTCLASSES--------
------START METAROOTCLASSES--------
------STOP METAROOTCLASSES--------
------START NETWORKWEAVIATEFIELDS--------
------MERGED ONTOLOGIES--------
------START SUBCLASSES--------
------DONE SUBCLASSES--------
------START ROOTCLASSES--------
------STOP ROOTCLASSES--------
------START ROOTCLASSES--------
------STOP ROOTCLASSES--------
------MERGED ONTOLOGIES--------
------START SUBCLASSES--------
------DONE SUBCLASSES--------
------START ROOTCLASSES--------
------STOP ROOTCLASSES--------
------START ROOTCLASSES--------
------STOP ROOTCLASSES--------
------STOP NETWORKWEAVIATEFIELDS--------
Started on http://localhost:8081/graphql
------MERGED ONTOLOGIES--------
------START SUBCLASSES--------
------DONE SUBCLASSES--------
------START ROOTCLASSES--------
------STOP ROOTCLASSES--------
------START ROOTCLASSES--------
------STOP ROOTCLASSES--------
------START METASUBCLASSES--------
------DONE METASUBCLASSES--------
------START METAROOTCLASSES--------
------STOP METAROOTCLASSES--------
------START METAROOTCLASSES--------
------STOP METAROOTCLASSES--------
------START NETWORKWEAVIATEFIELDS--------
------MERGED ONTOLOGIES--------
------START SUBCLASSES--------
------DONE SUBCLASSES--------
------START ROOTCLASSES--------
------STOP ROOTCLASSES--------
------START ROOTCLASSES--------
------STOP ROOTCLASSES--------
------MERGED ONTOLOGIES--------
------START SUBCLASSES--------
------DONE SUBCLASSES--------
------START ROOTCLASSES--------
------STOP ROOTCLASSES--------
------START ROOTCLASSES--------
------STOP ROOTCLASSES--------
------STOP NETWORKWEAVIATEFIELDS--------
Started on http://localhost:8081/graphql
